Arguments: 
  C:\Program Files\nodejs\node.exe C:\Users\Leonardo\AppData\Roaming\npm\node_modules\yarn\bin\yarn.js add @types/lmadactyl

PATH: 
  C:\Program Files\GraphicsMagick-1.3.36-Q8;C:\Users\Leonardo\AppData\Local\Programs\Python\Python310\Scripts\;C:\Users\Leonardo\AppData\Local\Programs\Python\Python310\;C:\ProgramData\Oracle\Java\javapath;C:\Windows\System32;C:\Windows;C:\Windows\System32\wbem;C:\Windows\System32\WindowsPowerShell\v1.0\;C:\Windows\System32\OpenSSH\;D:\Programas\Git\cmd;C:\Program Files\dotnet\;C:\Program Files\PuTTY\;D:\Programas\cmd;C:\Users\Leonardo\AppData\Local\Programs\Python\Python310;C:\Users\Leonardo\AppData\Local\Programs\Python\Python310\Scripts;C:\Users\Leonardo\AppData\Local\Packages\PythonSoftwareFoundation.Python.3.10_qbz5n2kfra8p0\LocalCache\local-packages\Python310\Scripts;D:\Programas\Bitvise SSH Client;D:\Drivers;C:\ProgramData\chocolatey\bin;D:\Programas\GnuPG\bin;C:\Program Files\nodejs\;;C:\Windows\System32;C:\Windows;C:\Windows\System32\wbem;C:\Windows\System32\WindowsPowerShell\v1.0\;C:\Windows\System32\OpenSSH\;C:\Users\Leonardo\.cargo\bin;c:\ffmpeg\bin;D:\Programas\Microsoft VS Code\bin;C:\Users\Leonardo\AppData\Local\Programs\Python\Python310;C:\Users\Leonardo\AppData\Local\Programs\Python\Python310\Scripts;C:\Users\Leonardo\AppData\Roaming\npm;%USERPROFILE%\AppData\Local\Microsoft\WindowsApps;

Yarn version: 
  1.22.18

Node version: 
  16.15.0

Platform: 
  win32 x64

Trace: 
  Error: https://registry.yarnpkg.com/@types%2flmadactyl: Not found
      at Request.params.callback [as _callback] (C:\Users\Leonardo\AppData\Roaming\npm\node_modules\yarn\lib\cli.js:66138:18)
      at Request.self.callback (C:\Users\Leonardo\AppData\Roaming\npm\node_modules\yarn\lib\cli.js:140883:22)
      at Request.emit (node:events:527:28)
      at Request.<anonymous> (C:\Users\Leonardo\AppData\Roaming\npm\node_modules\yarn\lib\cli.js:141855:10)
      at Request.emit (node:events:527:28)
      at IncomingMessage.<anonymous> (C:\Users\Leonardo\AppData\Roaming\npm\node_modules\yarn\lib\cli.js:141777:12)
      at Object.onceWrapper (node:events:641:28)
      at IncomingMessage.emit (node:events:539:35)
      at endReadableNT (node:internal/streams/readable:1345:12)
      at processTicksAndRejections (node:internal/process/task_queues:83:21)

npm manifest: 
  {
    "name": "lmadactyl",
    "version": "1.2.6",
    "main": "src/index.js",
    "types": "@types/index.d.ts",
    "license": "ISC",
    "dependencies": {
      "axios": "^0.26.0",
      "check-password-strength": "^2.0.4",
      "lmadactyl": "^1.2.6",
      "ws": "^8.5.0"
    },
    "bugs": {
      "url": "https://github.com/LMS5413/lmadactyl/issues"
    },
    "homepage": "https://github.com/LMS5413/lmadactyl",
    "description": "A wrapper for pterodactyl",
    "scripts": {
      "test": "echo \"Error: no test specified\" && exit 1"
    },
    "repository": {
      "type": "git",
      "url": "git+https://github.com/LMS5413/lmadactyl.git"
    },
    "author": "LMS5413",
    "keywords": [
      "pterodactyl",
      "wrapper",
      "api",
      "discord-bot"
    ]
  }

yarn manifest: 
  No manifest

Lockfile: 
  # THIS IS AN AUTOGENERATED FILE. DO NOT EDIT THIS FILE DIRECTLY.
  # yarn lockfile v1
  
  
  axios@^0.26.0:
    version "0.26.0"
    resolved "https://registry.npmjs.org/axios/-/axios-0.26.0.tgz"
    integrity sha512-lKoGLMYtHvFrPVt3r+RBMp9nh34N0M8zEfCWqdWZx6phynIEhQqAdydpyBAAG211zlhX9Rgu08cOamy6XjE5Og==
    dependencies:
      follow-redirects "^1.14.8"
  
  check-password-strength@^2.0.4:
    version "2.0.4"
    resolved "https://registry.npmjs.org/check-password-strength/-/check-password-strength-2.0.4.tgz"
    integrity sha512-LcK1Ox8Jq3/3jI9kGtQ8b/FQqNsJjzLGfzlC9dHzMAP+l/RF9xcq21Uh3JpqX09lhQ7TZM++SsQrQ+sNHwaQqg==
  
  follow-redirects@^1.14.8:
    version "1.14.9"
    resolved "https://registry.npmjs.org/follow-redirects/-/follow-redirects-1.14.9.tgz"
    integrity sha512-MQDfihBQYMcyy5dhRDJUHcw7lb2Pv/TuE6xP1vyraLukNDHKbDxDNaOE3NbCAdKQApno+GPRyo1YAp89yCjK4w==
  
  lmadactyl@^1.2.6:
    version "1.2.6"
    resolved "https://registry.yarnpkg.com/lmadactyl/-/lmadactyl-1.2.6.tgz#b974f4fa84364fba40f7ff1b0f53e0939d905ec9"
    integrity sha512-5KwzIg42a8UTMawnc0irGdKmp2U22XREyoMNLg7Nq2HBN0s0ygA+/5tP1ZiJJaEyUM+QLxS8iwXg+6MjUSLdtw==
    dependencies:
      axios "^0.26.0"
      check-password-strength "^2.0.4"
      ws "^8.5.0"
  
  ws@^8.5.0:
    version "8.5.0"
    resolved "https://registry.npmjs.org/ws/-/ws-8.5.0.tgz"
    integrity sha512-BWX0SWVgLPzYwF8lTzEy1egjhS4S4OEAHfsO8o65WOVsrnSRGaSiUaa9e0ggGlkMTtBlmOpEXiie9RUcBO86qg==
